kotlin version: 2.3.20
error message: Incremental compilation failed: java.io.UncheckedIOException: java.nio.file.AccessDeniedException: /home/royal/Work/Spiritual/KSD_AI/sggs_mobile/app/build/kotlin/compileDebugKotlin/cacheable/caches-jvm/jvm/kotlin/source-to-classes.tab.values
java.io.IOException: java.io.UncheckedIOException: java.nio.file.AccessDeniedException: /home/royal/Work/Spiritual/KSD_AI/sggs_mobile/app/build/kotlin/compileDebugKotlin/cacheable/caches-jvm/jvm/kotlin/source-to-classes.tab.values
	at org.jetbrains.kotlin.com.intellij.util.io.CompressedAppendableFile.loadChunk(CompressedAppendableFile.java:197)
	at org.jetbrains.kotlin.com.intellij.util.io.CompressedAppendableFile.access$100(CompressedAppendableFile.java:32)
	at org.jetbrains.kotlin.com.intellij.util.io.CompressedAppendableFile$FileChunkReadCache.get(CompressedAppendableFile.java:464)
	at org.jetbrains.kotlin.com.intellij.util.io.CompressedAppendableFile$SegmentedChunkInputStream.read(CompressedAppendableFile.java:519)
	at java.base/java.io.DataInputStream.readFully(DataInputStream.java:208)
	at org.jetbrains.kotlin.com.intellij.util.io.PersistentHashMapValueStorage$ReaderOverCompressedFile.get(PersistentHashMapValueStorage.java:819)
	at org.jetbrains.kotlin.com.intellij.util.io.PersistentHashMapValueStorage.readBytes(PersistentHashMapValueStorage.java:592)
	at org.jetbrains.kotlin.com.intellij.util.io.PersistentMapImpl.doGet(PersistentMapImpl.java:678)
	at org.jetbrains.kotlin.com.intellij.util.io.PersistentMapImpl.get(PersistentMapImpl.java:615)
	at org.jetbrains.kotlin.com.intellij.util.io.PersistentHashMap.get(PersistentHashMap.java:196)
	at org.jetbrains.kotlin.incremental.storage.LazyStorage.get(LazyStorage.kt:76)
	at org.jetbrains.kotlin.incremental.storage.InMemoryStorage.get(InMemoryStorage.kt:68)
	at org.jetbrains.kotlin.incremental.storage.AppendableInMemoryStorage.get(InMemoryStorage.kt:155)
	at org.jetbrains.kotlin.incremental.storage.AppendableInMemoryStorage.get(InMemoryStorage.kt:147)
	at org.jetbrains.kotlin.incremental.storage.AppendableSetBasicMap.get(BasicMap.kt:137)
	at org.jetbrains.kotlin.incremental.storage.AbstractSourceToOutputMap.getFqNames(SourceToOutputMaps.kt:50)
	at org.jetbrains.kotlin.incremental.AbstractIncrementalCache.classesFqNamesBySources(AbstractIncrementalCache.kt:117)
	at org.jetbrains.kotlin.incremental.dirtyFiles.ChangesDetectionUtilsKt.getRemovedClassesChanges(changesDetectionUtils.kt:140)
	at org.jetbrains.kotlin.incremental.dirtyFiles.JvmSourcesToCompileCalculator.calculateSourcesToCompileWithKnownChanges(JvmSourcesToCompileCalculator.kt:76)
	at org.jetbrains.kotlin.incremental.dirtyFiles.JvmSourcesToCompileCalculator.calculateSourcesToCompileImpl(JvmSourcesToCompileCalculator.kt:48)
	at org.jetbrains.kotlin.incremental.dirtyFiles.JvmSourcesToCompileCalculator.calculateWithClasspathSnapshot(JvmSourcesToCompileCalculator.kt:96)
	at org.jetbrains.kotlin.incremental.IncrementalJvmCompilerRunner.calculateSourcesToCompile(IncrementalJvmCompilerRunner.kt:68)
	at org.jetbrains.kotlin.incremental.IncrementalJvmCompilerRunner.calculateSourcesToCompile(IncrementalJvmCompilerRunner.kt:26)
	at org.jetbrains.kotlin.incremental.IncrementalCompilerRunner.tryCompileIncrementally$lambda$0$compile(IncrementalCompilerRunner.kt:228)
	at org.jetbrains.kotlin.incremental.IncrementalCompilerRunner.tryCompileIncrementally(IncrementalCompilerRunner.kt:270)
	at org.jetbrains.kotlin.incremental.IncrementalCompilerRunner.compile(IncrementalCompilerRunner.kt:122)
	at org.jetbrains.kotlin.daemon.CompileServiceImplBase.execIncrementalCompiler(CompileServiceImpl.kt:764)
	at org.jetbrains.kotlin.daemon.CompileServiceImplBase.access$execIncrementalCompiler(CompileServiceImpl.kt:107)
	at org.jetbrains.kotlin.daemon.CompileServiceImpl.compile(CompileServiceImpl.kt:2026)
	at java.base/jdk.internal.reflect.DirectMethodHandleAccessor.invoke(DirectMethodHandleAccessor.java:103)
	at java.base/java.lang.reflect.Method.invoke(Method.java:580)
	at java.rmi/sun.rmi.server.UnicastServerRef.dispatch(UnicastServerRef.java:360)
	at java.rmi/sun.rmi.transport.Transport$1.run(Transport.java:200)
	at java.rmi/sun.rmi.transport.Transport$1.run(Transport.java:197)
	at java.base/java.security.AccessController.doPrivileged(AccessController.java:714)
	at java.rmi/sun.rmi.transport.Transport.serviceCall(Transport.java:196)
	at java.rmi/sun.rmi.transport.tcp.TCPTransport.handleMessages(TCPTransport.java:598)
	at java.rmi/sun.rmi.transport.tcp.TCPTransport$ConnectionHandler.run0(TCPTransport.java:844)
	at java.rmi/sun.rmi.transport.tcp.TCPTransport$ConnectionHandler.lambda$run$0(TCPTransport.java:721)
	at java.base/java.security.AccessController.doPrivileged(AccessController.java:400)
	at java.rmi/sun.rmi.transport.tcp.TCPTransport$ConnectionHandler.run(TCPTransport.java:720)
	at java.base/java.util.concurrent.ThreadPoolExecutor.runWorker(ThreadPoolExecutor.java:1144)
	at java.base/java.util.concurrent.ThreadPoolExecutor$Worker.run(ThreadPoolExecutor.java:642)
	at java.base/java.lang.Thread.run(Thread.java:1583)
Caused by: java.io.UncheckedIOException: java.nio.file.AccessDeniedException: /home/royal/Work/Spiritual/KSD_AI/sggs_mobile/app/build/kotlin/compileDebugKotlin/cacheable/caches-jvm/jvm/kotlin/source-to-classes.tab.values
	at org.jetbrains.kotlin.com.intellij.util.io.FileAccessorCache.createHandle(FileAccessorCache.java:94)
	at org.jetbrains.kotlin.com.intellij.util.io.FileAccessorCache.lambda$get$0(FileAccessorCache.java:66)
	at org.jetbrains.kotlin.com.intellij.util.io.FileAccessorCache.withUpdateLock(FileAccessorCache.java:142)
	at org.jetbrains.kotlin.com.intellij.util.io.FileAccessorCache.get(FileAccessorCache.java:62)
	at org.jetbrains.kotlin.com.intellij.util.io.PersistentHashMapValueStorage$ReaderOverFileChannelCache.get(PersistentHashMapValueStorage.java:837)
	at org.jetbrains.kotlin.com.intellij.util.io.PersistentHashMapValueStorage$MyCompressedAppendableFile.getChunkInputStream(PersistentHashMapValueStorage.java:919)
	at org.jetbrains.kotlin.com.intellij.util.io.CompressedAppendableFile.getChunkStream(CompressedAppendableFile.java:215)
	at org.jetbrains.kotlin.com.intellij.util.io.CompressedAppendableFile.loadChunk(CompressedAppendableFile.java:183)
	... 43 more
Caused by: java.nio.file.AccessDeniedException: /home/royal/Work/Spiritual/KSD_AI/sggs_mobile/app/build/kotlin/compileDebugKotlin/cacheable/caches-jvm/jvm/kotlin/source-to-classes.tab.values
	at java.base/sun.nio.fs.UnixException.translateToIOException(UnixException.java:90)
	at java.base/sun.nio.fs.UnixException.rethrowAsIOException(UnixException.java:106)
	at java.base/sun.nio.fs.UnixException.rethrowAsIOException(UnixException.java:111)
	at java.base/sun.nio.fs.UnixFileSystemProvider.newFileChannel(UnixFileSystemProvider.java:224)
	at java.base/java.nio.channels.FileChannel.open(FileChannel.java:309)
	at org.jetbrains.kotlin.com.intellij.util.io.FileChannelInterruptsRetryer.lambda$reopenChannel$0(FileChannelInterruptsRetryer.java:204)
	at org.jetbrains.kotlin.com.intellij.util.ConcurrencyUtil.withLock(ConcurrencyUtil.java:295)
	at org.jetbrains.kotlin.com.intellij.util.io.FileChannelInterruptsRetryer.reopenChannel(FileChannelInterruptsRetryer.java:197)
	at org.jetbrains.kotlin.com.intellij.util.io.FileChannelInterruptsRetryer.<init>(FileChannelInterruptsRetryer.java:94)
	at org.jetbrains.kotlin.com.intellij.util.io.ResilientFileChannel.<init>(ResilientFileChannel.java:62)
	at org.jetbrains.kotlin.com.intellij.util.io.FileChannelWithSizeTracking.<init>(FileChannelWithSizeTracking.java:36)
	at org.jetbrains.kotlin.com.intellij.util.io.PersistentHashMapValueStorage$1.createAccessor(PersistentHashMapValueStorage.java:169)
	at org.jetbrains.kotlin.com.intellij.util.io.PersistentHashMapValueStorage$1.createAccessor(PersistentHashMapValueStorage.java:166)
	at org.jetbrains.kotlin.com.intellij.util.io.FileAccessorCache.createHandle(FileAccessorCache.java:77)
	... 50 more


